Determining if the Q_WS_WIN exist failed with the following output:
Change Dir: /home/kgpkubs/ssl/src/ssl-vision/CMakeFiles/CMakeTmp

Run Build Command:"/usr/bin/make" "cmTryCompileExec762640289/fast"
/usr/bin/make -f CMakeFiles/cmTryCompileExec762640289.dir/build.make CMakeFiles/cmTryCompileExec762640289.dir/build
make[1]: Entering directory `/home/kgpkubs/ssl/src/ssl-vision/CMakeFiles/CMakeTmp'
/usr/bin/cmake -E cmake_progress_report /home/kgpkubs/ssl/src/ssl-vision/CMakeFiles/CMakeTmp/CMakeFiles 1
Building CXX object CMakeFiles/cmTryCompileExec762640289.dir/CheckSymbolExists.cxx.o
/usr/bin/c++    -I/usr/include/qt4    -o CMakeFiles/cmTryCompileExec762640289.dir/CheckSymbolExists.cxx.o -c /home/kgpkubs/ssl/src/ssl-vision/CMakeFiles/CMakeTmp/CheckSymbolExists.cxx
/home/kgpkubs/ssl/src/ssl-vision/CMakeFiles/CMakeTmp/CheckSymbolExists.cxx: In function ‘int main(int, char**)’:
/home/kgpkubs/ssl/src/ssl-vision/CMakeFiles/CMakeTmp/CheckSymbolExists.cxx:8:19: error: ‘Q_WS_WIN’ was not declared in this scope
   return ((int*)(&Q_WS_WIN))[argc];
                   ^
make[1]: Leaving directory `/home/kgpkubs/ssl/src/ssl-vision/CMakeFiles/CMakeTmp'
make[1]: *** [CMakeFiles/cmTryCompileExec762640289.dir/CheckSymbolExists.cxx.o] Error 1
make: *** [cmTryCompileExec762640289/fast] Error 2

File /home/kgpkubs/ssl/src/ssl-vision/CMakeFiles/CMakeTmp/CheckSymbolExists.cxx:
/* */
#include <QtCore/qglobal.h>

int main(int argc, char** argv)
{
  (void)argv;
#ifndef Q_WS_WIN
  return ((int*)(&Q_WS_WIN))[argc];
#else
  (void)argc;
  return 0;
#endif
}

Determining if the Q_WS_QWS exist failed with the following output:
Change Dir: /home/kgpkubs/ssl/src/ssl-vision/CMakeFiles/CMakeTmp

Run Build Command:"/usr/bin/make" "cmTryCompileExec1813551182/fast"
/usr/bin/make -f CMakeFiles/cmTryCompileExec1813551182.dir/build.make CMakeFiles/cmTryCompileExec1813551182.dir/build
make[1]: Entering directory `/home/kgpkubs/ssl/src/ssl-vision/CMakeFiles/CMakeTmp'
/usr/bin/cmake -E cmake_progress_report /home/kgpkubs/ssl/src/ssl-vision/CMakeFiles/CMakeTmp/CMakeFiles 1
Building CXX object CMakeFiles/cmTryCompileExec1813551182.dir/CheckSymbolExists.cxx.o
/usr/bin/c++    -I/usr/include/qt4    -o CMakeFiles/cmTryCompileExec1813551182.dir/CheckSymbolExists.cxx.o -c /home/kgpkubs/ssl/src/ssl-vision/CMakeFiles/CMakeTmp/CheckSymbolExists.cxx
/home/kgpkubs/ssl/src/ssl-vision/CMakeFiles/CMakeTmp/CheckSymbolExists.cxx: In function ‘int main(int, char**)’:
/home/kgpkubs/ssl/src/ssl-vision/CMakeFiles/CMakeTmp/CheckSymbolExists.cxx:8:19: error: ‘Q_WS_QWS’ was not declared in this scope
   return ((int*)(&Q_WS_QWS))[argc];
                   ^
make[1]: Leaving directory `/home/kgpkubs/ssl/src/ssl-vision/CMakeFiles/CMakeTmp'
make[1]: *** [CMakeFiles/cmTryCompileExec1813551182.dir/CheckSymbolExists.cxx.o] Error 1
make: *** [cmTryCompileExec1813551182/fast] Error 2

File /home/kgpkubs/ssl/src/ssl-vision/CMakeFiles/CMakeTmp/CheckSymbolExists.cxx:
/* */
#include <QtCore/qglobal.h>

int main(int argc, char** argv)
{
  (void)argv;
#ifndef Q_WS_QWS
  return ((int*)(&Q_WS_QWS))[argc];
#else
  (void)argc;
  return 0;
#endif
}

Determining if the Q_WS_MAC exist failed with the following output:
Change Dir: /home/kgpkubs/ssl/src/ssl-vision/CMakeFiles/CMakeTmp

Run Build Command:"/usr/bin/make" "cmTryCompileExec3045960357/fast"
/usr/bin/make -f CMakeFiles/cmTryCompileExec3045960357.dir/build.make CMakeFiles/cmTryCompileExec3045960357.dir/build
make[1]: Entering directory `/home/kgpkubs/ssl/src/ssl-vision/CMakeFiles/CMakeTmp'
/usr/bin/cmake -E cmake_progress_report /home/kgpkubs/ssl/src/ssl-vision/CMakeFiles/CMakeTmp/CMakeFiles 1
Building CXX object CMakeFiles/cmTryCompileExec3045960357.dir/CheckSymbolExists.cxx.o
/usr/bin/c++    -I/usr/include/qt4    -o CMakeFiles/cmTryCompileExec3045960357.dir/CheckSymbolExists.cxx.o -c /home/kgpkubs/ssl/src/ssl-vision/CMakeFiles/CMakeTmp/CheckSymbolExists.cxx
/home/kgpkubs/ssl/src/ssl-vision/CMakeFiles/CMakeTmp/CheckSymbolExists.cxx: In function ‘int main(int, char**)’:
/home/kgpkubs/ssl/src/ssl-vision/CMakeFiles/CMakeTmp/CheckSymbolExists.cxx:8:19: error: ‘Q_WS_MAC’ was not declared in this scope
   return ((int*)(&Q_WS_MAC))[argc];
                   ^
make[1]: Leaving directory `/home/kgpkubs/ssl/src/ssl-vision/CMakeFiles/CMakeTmp'
make[1]: *** [CMakeFiles/cmTryCompileExec3045960357.dir/CheckSymbolExists.cxx.o] Error 1
make: *** [cmTryCompileExec3045960357/fast] Error 2

File /home/kgpkubs/ssl/src/ssl-vision/CMakeFiles/CMakeTmp/CheckSymbolExists.cxx:
/* */
#include <QtCore/qglobal.h>

int main(int argc, char** argv)
{
  (void)argv;
#ifndef Q_WS_MAC
  return ((int*)(&Q_WS_MAC))[argc];
#else
  (void)argc;
  return 0;
#endif
}

Determining if the Q_WS_WIN exist failed with the following output:
Change Dir: /home/kgpkubs/ssl/src/ssl-vision/CMakeFiles/CMakeTmp

Run Build Command:"/usr/bin/make" "cmTC_2444f/fast"
/usr/bin/make -f CMakeFiles/cmTC_2444f.dir/build.make CMakeFiles/cmTC_2444f.dir/build
make[1]: Entering directory `/home/kgpkubs/ssl/src/ssl-vision/CMakeFiles/CMakeTmp'
Building CXX object CMakeFiles/cmTC_2444f.dir/CheckSymbolExists.cxx.o
/usr/bin/c++    -I/usr/include/qt4   -o CMakeFiles/cmTC_2444f.dir/CheckSymbolExists.cxx.o -c /home/kgpkubs/ssl/src/ssl-vision/CMakeFiles/CMakeTmp/CheckSymbolExists.cxx
/home/kgpkubs/ssl/src/ssl-vision/CMakeFiles/CMakeTmp/CheckSymbolExists.cxx: In function ‘int main(int, char**)’:
/home/kgpkubs/ssl/src/ssl-vision/CMakeFiles/CMakeTmp/CheckSymbolExists.cxx:8:19: error: ‘Q_WS_WIN’ was not declared in this scope
   return ((int*)(&Q_WS_WIN))[argc];
                   ^
make[1]: Leaving directory `/home/kgpkubs/ssl/src/ssl-vision/CMakeFiles/CMakeTmp'
make[1]: *** [CMakeFiles/cmTC_2444f.dir/CheckSymbolExists.cxx.o] Error 1
make: *** [cmTC_2444f/fast] Error 2

File /home/kgpkubs/ssl/src/ssl-vision/CMakeFiles/CMakeTmp/CheckSymbolExists.cxx:
/* */
#include <QtCore/qglobal.h>

int main(int argc, char** argv)
{
  (void)argv;
#ifndef Q_WS_WIN
  return ((int*)(&Q_WS_WIN))[argc];
#else
  (void)argc;
  return 0;
#endif
}

Determining if the Q_WS_QWS exist failed with the following output:
Change Dir: /home/kgpkubs/ssl/src/ssl-vision/CMakeFiles/CMakeTmp

Run Build Command:"/usr/bin/make" "cmTC_abbae/fast"
/usr/bin/make -f CMakeFiles/cmTC_abbae.dir/build.make CMakeFiles/cmTC_abbae.dir/build
make[1]: Entering directory `/home/kgpkubs/ssl/src/ssl-vision/CMakeFiles/CMakeTmp'
Building CXX object CMakeFiles/cmTC_abbae.dir/CheckSymbolExists.cxx.o
/usr/bin/c++    -I/usr/include/qt4   -o CMakeFiles/cmTC_abbae.dir/CheckSymbolExists.cxx.o -c /home/kgpkubs/ssl/src/ssl-vision/CMakeFiles/CMakeTmp/CheckSymbolExists.cxx
/home/kgpkubs/ssl/src/ssl-vision/CMakeFiles/CMakeTmp/CheckSymbolExists.cxx: In function ‘int main(int, char**)’:
/home/kgpkubs/ssl/src/ssl-vision/CMakeFiles/CMakeTmp/CheckSymbolExists.cxx:8:19: error: ‘Q_WS_QWS’ was not declared in this scope
   return ((int*)(&Q_WS_QWS))[argc];
                   ^
make[1]: *** [CMakeFiles/cmTC_abbae.dir/CheckSymbolExists.cxx.o] Error 1
make[1]: Leaving directory `/home/kgpkubs/ssl/src/ssl-vision/CMakeFiles/CMakeTmp'
make: *** [cmTC_abbae/fast] Error 2

File /home/kgpkubs/ssl/src/ssl-vision/CMakeFiles/CMakeTmp/CheckSymbolExists.cxx:
/* */
#include <QtCore/qglobal.h>

int main(int argc, char** argv)
{
  (void)argv;
#ifndef Q_WS_QWS
  return ((int*)(&Q_WS_QWS))[argc];
#else
  (void)argc;
  return 0;
#endif
}

Determining if the Q_WS_MAC exist failed with the following output:
Change Dir: /home/kgpkubs/ssl/src/ssl-vision/CMakeFiles/CMakeTmp

Run Build Command:"/usr/bin/make" "cmTC_efe69/fast"
/usr/bin/make -f CMakeFiles/cmTC_efe69.dir/build.make CMakeFiles/cmTC_efe69.dir/build
make[1]: Entering directory `/home/kgpkubs/ssl/src/ssl-vision/CMakeFiles/CMakeTmp'
Building CXX object CMakeFiles/cmTC_efe69.dir/CheckSymbolExists.cxx.o
/usr/bin/c++    -I/usr/include/qt4   -o CMakeFiles/cmTC_efe69.dir/CheckSymbolExists.cxx.o -c /home/kgpkubs/ssl/src/ssl-vision/CMakeFiles/CMakeTmp/CheckSymbolExists.cxx
/home/kgpkubs/ssl/src/ssl-vision/CMakeFiles/CMakeTmp/CheckSymbolExists.cxx: In function ‘int main(int, char**)’:
/home/kgpkubs/ssl/src/ssl-vision/CMakeFiles/CMakeTmp/CheckSymbolExists.cxx:8:19: error: ‘Q_WS_MAC’ was not declared in this scope
   return ((int*)(&Q_WS_MAC))[argc];
                   ^
make[1]: *** [CMakeFiles/cmTC_efe69.dir/CheckSymbolExists.cxx.o] Error 1
make[1]: Leaving directory `/home/kgpkubs/ssl/src/ssl-vision/CMakeFiles/CMakeTmp'
make: *** [cmTC_efe69/fast] Error 2

File /home/kgpkubs/ssl/src/ssl-vision/CMakeFiles/CMakeTmp/CheckSymbolExists.cxx:
/* */
#include <QtCore/qglobal.h>

int main(int argc, char** argv)
{
  (void)argv;
#ifndef Q_WS_MAC
  return ((int*)(&Q_WS_MAC))[argc];
#else
  (void)argc;
  return 0;
#endif
}

Determining if the pthread_create exist failed with the following output:
Change Dir: /home/kgpkubs/catkin_ws/ssl-vision/CMakeFiles/CMakeTmp

Run Build Command:"/usr/bin/make" "cmTC_fdfda/fast"
/usr/bin/make -f CMakeFiles/cmTC_fdfda.dir/build.make CMakeFiles/cmTC_fdfda.dir/build
make[1]: Entering directory `/home/kgpkubs/catkin_ws/ssl-vision/CMakeFiles/CMakeTmp'
Building C object CMakeFiles/cmTC_fdfda.dir/CheckSymbolExists.c.o
/usr/bin/cc     -o CMakeFiles/cmTC_fdfda.dir/CheckSymbolExists.c.o   -c /home/kgpkubs/catkin_ws/ssl-vision/CMakeFiles/CMakeTmp/CheckSymbolExists.c
Linking C executable cmTC_fdfda
/usr/local/bin/cmake -E cmake_link_script CMakeFiles/cmTC_fdfda.dir/link.txt --verbose=1
/usr/bin/cc       CMakeFiles/cmTC_fdfda.dir/CheckSymbolExists.c.o  -o cmTC_fdfda -rdynamic 
CMakeFiles/cmTC_fdfda.dir/CheckSymbolExists.c.o: In function `main':
CheckSymbolExists.c:(.text+0x16): undefined reference to `pthread_create'
collect2: error: ld returned 1 exit status
make[1]: Leaving directory `/home/kgpkubs/catkin_ws/ssl-vision/CMakeFiles/CMakeTmp'
make[1]: *** [cmTC_fdfda] Error 1
make: *** [cmTC_fdfda/fast] Error 2

File /home/kgpkubs/catkin_ws/ssl-vision/CMakeFiles/CMakeTmp/CheckSymbolExists.c:
/* */
#include <pthread.h>

int main(int argc, char** argv)
{
  (void)argv;
#ifndef pthread_create
  return ((int*)(&pthread_create))[argc];
#else
  (void)argc;
  return 0;
#endif
}

Determining if the function pthread_create exists in the pthreads failed with the following output:
Change Dir: /home/kgpkubs/catkin_ws/ssl-vision/CMakeFiles/CMakeTmp

Run Build Command:"/usr/bin/make" "cmTC_a9706/fast"
/usr/bin/make -f CMakeFiles/cmTC_a9706.dir/build.make CMakeFiles/cmTC_a9706.dir/build
make[1]: Entering directory `/home/kgpkubs/catkin_ws/ssl-vision/CMakeFiles/CMakeTmp'
Building C object CMakeFiles/cmTC_a9706.dir/CheckFunctionExists.c.o
/usr/bin/cc    -DCHECK_FUNCTION_EXISTS=pthread_create   -o CMakeFiles/cmTC_a9706.dir/CheckFunctionExists.c.o   -c /usr/local/share/cmake-3.4/Modules/CheckFunctionExists.c
Linking C executable cmTC_a9706
/usr/local/bin/cmake -E cmake_link_script CMakeFiles/cmTC_a9706.dir/link.txt --verbose=1
/usr/bin/cc   -DCHECK_FUNCTION_EXISTS=pthread_create    CMakeFiles/cmTC_a9706.dir/CheckFunctionExists.c.o  -o cmTC_a9706 -rdynamic -lpthreads 
/usr/bin/ld: cannot find -lpthreads
collect2: error: ld returned 1 exit status
make[1]: Leaving directory `/home/kgpkubs/catkin_ws/ssl-vision/CMakeFiles/CMakeTmp'
make[1]: *** [cmTC_a9706] Error 1
make: *** [cmTC_a9706/fast] Error 2


Determining if the Q_WS_WIN exist failed with the following output:
Change Dir: /home/kgpkubs/catkin_ws/ssl-vision/CMakeFiles/CMakeTmp

Run Build Command:"/usr/bin/make" "cmTC_22a99/fast"
/usr/bin/make -f CMakeFiles/cmTC_22a99.dir/build.make CMakeFiles/cmTC_22a99.dir/build
make[1]: Entering directory `/home/kgpkubs/catkin_ws/ssl-vision/CMakeFiles/CMakeTmp'
Building CXX object CMakeFiles/cmTC_22a99.dir/CheckSymbolExists.cxx.o
/usr/bin/c++    -I/usr/include/qt4   -o CMakeFiles/cmTC_22a99.dir/CheckSymbolExists.cxx.o -c /home/kgpkubs/catkin_ws/ssl-vision/CMakeFiles/CMakeTmp/CheckSymbolExists.cxx
/home/kgpkubs/catkin_ws/ssl-vision/CMakeFiles/CMakeTmp/CheckSymbolExists.cxx: In function ‘int main(int, char**)’:
/home/kgpkubs/catkin_ws/ssl-vision/CMakeFiles/CMakeTmp/CheckSymbolExists.cxx:8:19: error: ‘Q_WS_WIN’ was not declared in this scope
   return ((int*)(&Q_WS_WIN))[argc];
                   ^
make[1]: *** [CMakeFiles/cmTC_22a99.dir/CheckSymbolExists.cxx.o] Error 1
make[1]: Leaving directory `/home/kgpkubs/catkin_ws/ssl-vision/CMakeFiles/CMakeTmp'
make: *** [cmTC_22a99/fast] Error 2

File /home/kgpkubs/catkin_ws/ssl-vision/CMakeFiles/CMakeTmp/CheckSymbolExists.cxx:
/* */
#include <QtCore/qglobal.h>

int main(int argc, char** argv)
{
  (void)argv;
#ifndef Q_WS_WIN
  return ((int*)(&Q_WS_WIN))[argc];
#else
  (void)argc;
  return 0;
#endif
}

Determining if the Q_WS_QWS exist failed with the following output:
Change Dir: /home/kgpkubs/catkin_ws/ssl-vision/CMakeFiles/CMakeTmp

Run Build Command:"/usr/bin/make" "cmTC_3de52/fast"
/usr/bin/make -f CMakeFiles/cmTC_3de52.dir/build.make CMakeFiles/cmTC_3de52.dir/build
make[1]: Entering directory `/home/kgpkubs/catkin_ws/ssl-vision/CMakeFiles/CMakeTmp'
Building CXX object CMakeFiles/cmTC_3de52.dir/CheckSymbolExists.cxx.o
/usr/bin/c++    -I/usr/include/qt4   -o CMakeFiles/cmTC_3de52.dir/CheckSymbolExists.cxx.o -c /home/kgpkubs/catkin_ws/ssl-vision/CMakeFiles/CMakeTmp/CheckSymbolExists.cxx
/home/kgpkubs/catkin_ws/ssl-vision/CMakeFiles/CMakeTmp/CheckSymbolExists.cxx: In function ‘int main(int, char**)’:
/home/kgpkubs/catkin_ws/ssl-vision/CMakeFiles/CMakeTmp/CheckSymbolExists.cxx:8:19: error: ‘Q_WS_QWS’ was not declared in this scope
   return ((int*)(&Q_WS_QWS))[argc];
                   ^
make[1]: *** [CMakeFiles/cmTC_3de52.dir/CheckSymbolExists.cxx.o] Error 1
make[1]: Leaving directory `/home/kgpkubs/catkin_ws/ssl-vision/CMakeFiles/CMakeTmp'
make: *** [cmTC_3de52/fast] Error 2

File /home/kgpkubs/catkin_ws/ssl-vision/CMakeFiles/CMakeTmp/CheckSymbolExists.cxx:
/* */
#include <QtCore/qglobal.h>

int main(int argc, char** argv)
{
  (void)argv;
#ifndef Q_WS_QWS
  return ((int*)(&Q_WS_QWS))[argc];
#else
  (void)argc;
  return 0;
#endif
}

Determining if the Q_WS_MAC exist failed with the following output:
Change Dir: /home/kgpkubs/catkin_ws/ssl-vision/CMakeFiles/CMakeTmp

Run Build Command:"/usr/bin/make" "cmTC_b8dd1/fast"
/usr/bin/make -f CMakeFiles/cmTC_b8dd1.dir/build.make CMakeFiles/cmTC_b8dd1.dir/build
make[1]: Entering directory `/home/kgpkubs/catkin_ws/ssl-vision/CMakeFiles/CMakeTmp'
Building CXX object CMakeFiles/cmTC_b8dd1.dir/CheckSymbolExists.cxx.o
/usr/bin/c++    -I/usr/include/qt4   -o CMakeFiles/cmTC_b8dd1.dir/CheckSymbolExists.cxx.o -c /home/kgpkubs/catkin_ws/ssl-vision/CMakeFiles/CMakeTmp/CheckSymbolExists.cxx
/home/kgpkubs/catkin_ws/ssl-vision/CMakeFiles/CMakeTmp/CheckSymbolExists.cxx: In function ‘int main(int, char**)’:
/home/kgpkubs/catkin_ws/ssl-vision/CMakeFiles/CMakeTmp/CheckSymbolExists.cxx:8:19: error: ‘Q_WS_MAC’ was not declared in this scope
   return ((int*)(&Q_WS_MAC))[argc];
                   ^
make[1]: *** [CMakeFiles/cmTC_b8dd1.dir/CheckSymbolExists.cxx.o] Error 1
make[1]: Leaving directory `/home/kgpkubs/catkin_ws/ssl-vision/CMakeFiles/CMakeTmp'
make: *** [cmTC_b8dd1/fast] Error 2

File /home/kgpkubs/catkin_ws/ssl-vision/CMakeFiles/CMakeTmp/CheckSymbolExists.cxx:
/* */
#include <QtCore/qglobal.h>

int main(int argc, char** argv)
{
  (void)argv;
#ifndef Q_WS_MAC
  return ((int*)(&Q_WS_MAC))[argc];
#else
  (void)argc;
  return 0;
#endif
}

Determining if the pthread_create exist failed with the following output:
Change Dir: /home/aif/robo_ssl/ssl-vision/CMakeFiles/CMakeTmp

Run Build Command:"/usr/bin/make" "cmTC_e3afa/fast"
/usr/bin/make -f CMakeFiles/cmTC_e3afa.dir/build.make CMakeFiles/cmTC_e3afa.dir/build
make[1]: Entering directory `/home/aif/robo_ssl/ssl-vision/CMakeFiles/CMakeTmp'
Building C object CMakeFiles/cmTC_e3afa.dir/CheckSymbolExists.c.o
/usr/bin/cc     -o CMakeFiles/cmTC_e3afa.dir/CheckSymbolExists.c.o   -c /home/aif/robo_ssl/ssl-vision/CMakeFiles/CMakeTmp/CheckSymbolExists.c
Linking C executable cmTC_e3afa
/usr/local/bin/cmake -E cmake_link_script CMakeFiles/cmTC_e3afa.dir/link.txt --verbose=1
/usr/bin/cc       CMakeFiles/cmTC_e3afa.dir/CheckSymbolExists.c.o  -o cmTC_e3afa -rdynamic 
CMakeFiles/cmTC_e3afa.dir/CheckSymbolExists.c.o: In function `main':
CheckSymbolExists.c:(.text+0x16): undefined reference to `pthread_create'
collect2: error: ld returned 1 exit status
make[1]: *** [cmTC_e3afa] Error 1
make[1]: Leaving directory `/home/aif/robo_ssl/ssl-vision/CMakeFiles/CMakeTmp'
make: *** [cmTC_e3afa/fast] Error 2

File /home/aif/robo_ssl/ssl-vision/CMakeFiles/CMakeTmp/CheckSymbolExists.c:
/* */
#include <pthread.h>

int main(int argc, char** argv)
{
  (void)argv;
#ifndef pthread_create
  return ((int*)(&pthread_create))[argc];
#else
  (void)argc;
  return 0;
#endif
}

Determining if the function pthread_create exists in the pthreads failed with the following output:
Change Dir: /home/aif/robo_ssl/ssl-vision/CMakeFiles/CMakeTmp

Run Build Command:"/usr/bin/make" "cmTC_0cbcc/fast"
/usr/bin/make -f CMakeFiles/cmTC_0cbcc.dir/build.make CMakeFiles/cmTC_0cbcc.dir/build
make[1]: Entering directory `/home/aif/robo_ssl/ssl-vision/CMakeFiles/CMakeTmp'
Building C object CMakeFiles/cmTC_0cbcc.dir/CheckFunctionExists.c.o
/usr/bin/cc    -DCHECK_FUNCTION_EXISTS=pthread_create   -o CMakeFiles/cmTC_0cbcc.dir/CheckFunctionExists.c.o   -c /usr/local/share/cmake-3.4/Modules/CheckFunctionExists.c
Linking C executable cmTC_0cbcc
/usr/local/bin/cmake -E cmake_link_script CMakeFiles/cmTC_0cbcc.dir/link.txt --verbose=1
/usr/bin/cc   -DCHECK_FUNCTION_EXISTS=pthread_create    CMakeFiles/cmTC_0cbcc.dir/CheckFunctionExists.c.o  -o cmTC_0cbcc -rdynamic -lpthreads 
/usr/bin/ld: cannot find -lpthreads
collect2: error: ld returned 1 exit status
make[1]: *** [cmTC_0cbcc] Error 1
make[1]: Leaving directory `/home/aif/robo_ssl/ssl-vision/CMakeFiles/CMakeTmp'
make: *** [cmTC_0cbcc/fast] Error 2


Determining if the Q_WS_WIN exist failed with the following output:
Change Dir: /home/aif/robo_ssl/ssl-vision/CMakeFiles/CMakeTmp

Run Build Command:"/usr/bin/make" "cmTC_e895a/fast"
/usr/bin/make -f CMakeFiles/cmTC_e895a.dir/build.make CMakeFiles/cmTC_e895a.dir/build
make[1]: Entering directory `/home/aif/robo_ssl/ssl-vision/CMakeFiles/CMakeTmp'
Building CXX object CMakeFiles/cmTC_e895a.dir/CheckSymbolExists.cxx.o
/usr/bin/c++    -I/usr/include/qt4   -o CMakeFiles/cmTC_e895a.dir/CheckSymbolExists.cxx.o -c /home/aif/robo_ssl/ssl-vision/CMakeFiles/CMakeTmp/CheckSymbolExists.cxx
/home/aif/robo_ssl/ssl-vision/CMakeFiles/CMakeTmp/CheckSymbolExists.cxx: In function ‘int main(int, char**)’:
/home/aif/robo_ssl/ssl-vision/CMakeFiles/CMakeTmp/CheckSymbolExists.cxx:8:19: error: ‘Q_WS_WIN’ was not declared in this scope
   return ((int*)(&Q_WS_WIN))[argc];
                   ^
make[1]: *** [CMakeFiles/cmTC_e895a.dir/CheckSymbolExists.cxx.o] Error 1
make[1]: Leaving directory `/home/aif/robo_ssl/ssl-vision/CMakeFiles/CMakeTmp'
make: *** [cmTC_e895a/fast] Error 2

File /home/aif/robo_ssl/ssl-vision/CMakeFiles/CMakeTmp/CheckSymbolExists.cxx:
/* */
#include <QtCore/qglobal.h>

int main(int argc, char** argv)
{
  (void)argv;
#ifndef Q_WS_WIN
  return ((int*)(&Q_WS_WIN))[argc];
#else
  (void)argc;
  return 0;
#endif
}

Determining if the Q_WS_QWS exist failed with the following output:
Change Dir: /home/aif/robo_ssl/ssl-vision/CMakeFiles/CMakeTmp

Run Build Command:"/usr/bin/make" "cmTC_d9d7e/fast"
/usr/bin/make -f CMakeFiles/cmTC_d9d7e.dir/build.make CMakeFiles/cmTC_d9d7e.dir/build
make[1]: Entering directory `/home/aif/robo_ssl/ssl-vision/CMakeFiles/CMakeTmp'
Building CXX object CMakeFiles/cmTC_d9d7e.dir/CheckSymbolExists.cxx.o
/usr/bin/c++    -I/usr/include/qt4   -o CMakeFiles/cmTC_d9d7e.dir/CheckSymbolExists.cxx.o -c /home/aif/robo_ssl/ssl-vision/CMakeFiles/CMakeTmp/CheckSymbolExists.cxx
/home/aif/robo_ssl/ssl-vision/CMakeFiles/CMakeTmp/CheckSymbolExists.cxx: In function ‘int main(int, char**)’:
/home/aif/robo_ssl/ssl-vision/CMakeFiles/CMakeTmp/CheckSymbolExists.cxx:8:19: error: ‘Q_WS_QWS’ was not declared in this scope
   return ((int*)(&Q_WS_QWS))[argc];
                   ^
make[1]: *** [CMakeFiles/cmTC_d9d7e.dir/CheckSymbolExists.cxx.o] Error 1
make[1]: Leaving directory `/home/aif/robo_ssl/ssl-vision/CMakeFiles/CMakeTmp'
make: *** [cmTC_d9d7e/fast] Error 2

File /home/aif/robo_ssl/ssl-vision/CMakeFiles/CMakeTmp/CheckSymbolExists.cxx:
/* */
#include <QtCore/qglobal.h>

int main(int argc, char** argv)
{
  (void)argv;
#ifndef Q_WS_QWS
  return ((int*)(&Q_WS_QWS))[argc];
#else
  (void)argc;
  return 0;
#endif
}

Determining if the Q_WS_MAC exist failed with the following output:
Change Dir: /home/aif/robo_ssl/ssl-vision/CMakeFiles/CMakeTmp

Run Build Command:"/usr/bin/make" "cmTC_e50ae/fast"
/usr/bin/make -f CMakeFiles/cmTC_e50ae.dir/build.make CMakeFiles/cmTC_e50ae.dir/build
make[1]: Entering directory `/home/aif/robo_ssl/ssl-vision/CMakeFiles/CMakeTmp'
Building CXX object CMakeFiles/cmTC_e50ae.dir/CheckSymbolExists.cxx.o
/usr/bin/c++    -I/usr/include/qt4   -o CMakeFiles/cmTC_e50ae.dir/CheckSymbolExists.cxx.o -c /home/aif/robo_ssl/ssl-vision/CMakeFiles/CMakeTmp/CheckSymbolExists.cxx
/home/aif/robo_ssl/ssl-vision/CMakeFiles/CMakeTmp/CheckSymbolExists.cxx: In function ‘int main(int, char**)’:
/home/aif/robo_ssl/ssl-vision/CMakeFiles/CMakeTmp/CheckSymbolExists.cxx:8:19: error: ‘Q_WS_MAC’ was not declared in this scope
   return ((int*)(&Q_WS_MAC))[argc];
                   ^
make[1]: *** [CMakeFiles/cmTC_e50ae.dir/CheckSymbolExists.cxx.o] Error 1
make[1]: Leaving directory `/home/aif/robo_ssl/ssl-vision/CMakeFiles/CMakeTmp'
make: *** [cmTC_e50ae/fast] Error 2

File /home/aif/robo_ssl/ssl-vision/CMakeFiles/CMakeTmp/CheckSymbolExists.cxx:
/* */
#include <QtCore/qglobal.h>

int main(int argc, char** argv)
{
  (void)argv;
#ifndef Q_WS_MAC
  return ((int*)(&Q_WS_MAC))[argc];
#else
  (void)argc;
  return 0;
#endif
}

